<?xml version="1.0" encoding="UTF-8"?>
<testng-results ignored="0" total="2" passed="2" failed="0" skipped="0">
  <reporter-output>
  </reporter-output>
  <suite started-at="2022-10-19T17:23:23Z" name="Command line suite" finished-at="2022-10-19T17:24:10Z" duration-ms="47396">
    <groups>
      <group name="Purchase">
        <method signature="SubmitOrderTest.submitOrder(java.util.HashMap)[pri:0, instance:tests.SubmitOrderTest@359f7cdf]" name="submitOrder" class="tests.SubmitOrderTest"/>
      </group> <!-- Purchase -->
    </groups>
    <test started-at="2022-10-19T17:23:23Z" name="Command line test" finished-at="2022-10-19T17:24:10Z" duration-ms="47396">
      <class name="tests.SubmitOrderTest">
        <test-method is-config="true" signature="launchApplication()[pri:0, instance:tests.SubmitOrderTest@359f7cdf]" started-at="2022-10-19T17:23:23Z" name="launchApplication" finished-at="2022-10-19T17:23:49Z" duration-ms="25843" status="PASS">
          <reporter-output>
          </reporter-output>
        </test-method> <!-- launchApplication -->
        <test-method signature="submitOrder(java.util.HashMap)[pri:0, instance:tests.SubmitOrderTest@359f7cdf]" started-at="2022-10-19T17:23:49Z" name="submitOrder" data-provider="getData" finished-at="2022-10-19T17:23:52Z" duration-ms="3117" status="PASS">
          <params>
            <param index="0">
              <value>
                <![CDATA[{password=Iamking@000, product=ZARA COAT 3, email=anshika@gmail.com}]]>
              </value>
            </param>
          </params>
          <reporter-output>
          </reporter-output>
        </test-method> <!-- submitOrder -->
        <test-method is-config="true" signature="tearDown()[pri:0, instance:tests.SubmitOrderTest@359f7cdf]" started-at="2022-10-19T17:23:52Z" name="tearDown" finished-at="2022-10-19T17:23:54Z" duration-ms="1401" status="PASS">
          <reporter-output>
          </reporter-output>
        </test-method> <!-- tearDown -->
        <test-method is-config="true" signature="launchApplication()[pri:0, instance:tests.SubmitOrderTest@359f7cdf]" started-at="2022-10-19T17:23:54Z" name="launchApplication" finished-at="2022-10-19T17:24:06Z" duration-ms="12366" status="PASS">
          <reporter-output>
          </reporter-output>
        </test-method> <!-- launchApplication -->
        <test-method signature="submitOrder(java.util.HashMap)[pri:0, instance:tests.SubmitOrderTest@359f7cdf]" started-at="2022-10-19T17:24:06Z" name="submitOrder" data-provider="getData" finished-at="2022-10-19T17:24:10Z" duration-ms="3641" status="PASS">
          <params>
            <param index="0">
              <value>
                <![CDATA[{password=Iamking@000, product=ADIDAS ORIGINAL, email=shetty@gmail.com}]]>
              </value>
            </param>
          </params>
          <reporter-output>
          </reporter-output>
        </test-method> <!-- submitOrder -->
        <test-method is-config="true" signature="tearDown()[pri:0, instance:tests.SubmitOrderTest@359f7cdf]" started-at="2022-10-19T17:24:10Z" name="tearDown" finished-at="2022-10-19T17:24:10Z" duration-ms="505" status="PASS">
          <reporter-output>
          </reporter-output>
        </test-method> <!-- tearDown -->
      </class> <!-- tests.SubmitOrderTest -->
    </test> <!-- Command line test -->
  </suite> <!-- Command line suite -->
</testng-results>
