<?xml version="1.0" encoding="UTF-8"?>
<testng-results ignored="0" total="1" passed="1" failed="0" skipped="0">
  <reporter-output>
  </reporter-output>
  <suite started-at="2022-10-23T15:41:24Z" name="Suite" finished-at="2022-10-23T15:42:48Z" duration-ms="83568">
    <groups>
    </groups>
    <test started-at="2022-10-23T15:41:24Z" name="Login" finished-at="2022-10-23T15:42:48Z" duration-ms="83568">
      <class name="tests.Login">
        <test-method is-config="true" signature="launchApplication()[pri:0, instance:tests.Login@71e693fa]" started-at="2022-10-23T15:41:25Z" name="launchApplication" finished-at="2022-10-23T15:41:51Z" duration-ms="25849" status="PASS">
          <reporter-output>
          </reporter-output>
        </test-method> <!-- launchApplication -->
        <test-method signature="login(java.util.HashMap)[pri:0, instance:tests.Login@71e693fa]" started-at="2022-10-23T15:41:51Z" name="login" data-provider="getData" finished-at="2022-10-23T15:42:46Z" duration-ms="54867" status="PASS">
          <params>
            <param index="0">
              <value>
                <![CDATA[{password=Nerist@123, product=iPhone, email=arup.ach@gmail.com}]]>
              </value>
            </param>
          </params>
          <reporter-output>
          </reporter-output>
        </test-method> <!-- login -->
        <test-method is-config="true" signature="tearDown()[pri:0, instance:tests.Login@71e693fa]" started-at="2022-10-23T15:42:46Z" name="tearDown" finished-at="2022-10-23T15:42:48Z" duration-ms="2439" status="PASS">
          <reporter-output>
          </reporter-output>
        </test-method> <!-- tearDown -->
      </class> <!-- tests.Login -->
    </test> <!-- Login -->
  </suite> <!-- Suite -->
</testng-results>
